<?xml version="1.0" encoding="UTF-8"?>
<!-- Generated by org.testng.reporters.JUnitXMLReporter -->
<testsuite ignored="0" hostname="AJAY" failures="0" tests="3" name="Test" time="23.072" errors="0" timestamp="2023-07-05T16:35:15 IST">
  <testcase classname="TestCases.SignUpTestCases" name="verifySignUp" time="11.885"/>
  <testcase classname="TestCases.LoginTestCase" name="verifyLogin" time="0.416"/>
  <testcase classname="TestCases.LoginTestCase" name="verifyLogin" time="0.466"/>
</testsuite> <!-- Test -->
