<?xml version="1.0" encoding="UTF-8"?>
<testng-results ignored="0" total="3" passed="3" failed="0" skipped="0">
  <reporter-output>
  </reporter-output>
  <suite started-at="2023-07-05T16:34:52 IST" name="Suite" finished-at="2023-07-05T16:35:15 IST" duration-ms="23072">
    <groups>
    </groups>
    <test started-at="2023-07-05T16:34:52 IST" name="Test" finished-at="2023-07-05T16:35:15 IST" duration-ms="23072">
      <class name="TestCases.SignUpTestCases">
        <test-method is-config="true" signature="launchBrowserURL()[pri:0, instance:TestCases.SignUpTestCases@2fb3536e]" started-at="2023-07-05T16:34:52 IST" name="launchBrowserURL" finished-at="2023-07-05T16:34:56 IST" duration-ms="4108" status="PASS">
          <reporter-output>
          </reporter-output>
        </test-method> <!-- launchBrowserURL -->
        <test-method signature="verifySignUp()[pri:0, instance:TestCases.SignUpTestCases@2fb3536e]" started-at="2023-07-05T16:34:56 IST" name="verifySignUp" finished-at="2023-07-05T16:35:08 IST" duration-ms="11885" status="PASS">
          <reporter-output>
          </reporter-output>
        </test-method> <!-- verifySignUp -->
      </class> <!-- TestCases.SignUpTestCases -->
      <class name="TestCases.LoginTestCase">
        <test-method is-config="true" signature="launchBrowserURL()[pri:0, instance:TestCases.LoginTestCase@729d991e]" started-at="2023-07-05T16:35:08 IST" name="launchBrowserURL" finished-at="2023-07-05T16:35:11 IST" duration-ms="2959" status="PASS">
          <reporter-output>
          </reporter-output>
        </test-method> <!-- launchBrowserURL -->
        <test-method signature="verifyLogin(java.lang.String,java.lang.String)[pri:0, instance:TestCases.LoginTestCase@729d991e]" started-at="2023-07-05T16:35:11 IST" name="verifyLogin" data-provider="testData" finished-at="2023-07-05T16:35:11 IST" duration-ms="416" status="PASS">
          <params>
            <param index="0">
              <value>
                <![CDATA[testuser1]]>
              </value>
            </param>
            <param index="1">
              <value>
                <![CDATA[123]]>
              </value>
            </param>
          </params>
          <reporter-output>
          </reporter-output>
        </test-method> <!-- verifyLogin -->
        <test-method is-config="true" signature="launchBrowserURL()[pri:0, instance:TestCases.LoginTestCase@729d991e]" started-at="2023-07-05T16:35:11 IST" name="launchBrowserURL" finished-at="2023-07-05T16:35:14 IST" duration-ms="3200" status="PASS">
          <reporter-output>
          </reporter-output>
        </test-method> <!-- launchBrowserURL -->
        <test-method signature="verifyLogin(java.lang.String,java.lang.String)[pri:0, instance:TestCases.LoginTestCase@729d991e]" started-at="2023-07-05T16:35:14 IST" name="verifyLogin" data-provider="testData" finished-at="2023-07-05T16:35:15 IST" duration-ms="466" status="PASS">
          <params>
            <param index="0">
              <value>
                <![CDATA[testuser2]]>
              </value>
            </param>
            <param index="1">
              <value>
                <![CDATA[123]]>
              </value>
            </param>
          </params>
          <reporter-output>
          </reporter-output>
        </test-method> <!-- verifyLogin -->
      </class> <!-- TestCases.LoginTestCase -->
    </test> <!-- Test -->
  </suite> <!-- Suite -->
</testng-results>
